  Main.cpp
C:\Users\류화랑\Desktop\광운대\2018년 1학기\객프실\프로젝트\C++프로젝트\C++프로젝트\Department.h(16,3): warning C4996: 'strcpy': This function or variable may be unsafe. Consider using strcpy_s instead. To disable deprecation, use _CRT_SECURE_NO_WARNINGS. See online help for details.
C:\Users\류화랑\Desktop\광운대\2018년 1학기\객프실\프로젝트\C++프로젝트\C++프로젝트\Department.h(19,28): warning C4996: 'strcpy': This function or variable may be unsafe. Consider using strcpy_s instead. To disable deprecation, use _CRT_SECURE_NO_WARNINGS. See online help for details.
C:\Users\류화랑\Desktop\광운대\2018년 1학기\객프실\프로젝트\C++프로젝트\C++프로젝트\Contact.h(18,3): warning C4996: 'strcpy': This function or variable may be unsafe. Consider using strcpy_s instead. To disable deprecation, use _CRT_SECURE_NO_WARNINGS. See online help for details.
C:\Users\류화랑\Desktop\광운대\2018년 1학기\객프실\프로젝트\C++프로젝트\C++프로젝트\Contact.h(21,31): warning C4996: 'strcpy': This function or variable may be unsafe. Consider using strcpy_s instead. To disable deprecation, use _CRT_SECURE_NO_WARNINGS. See online help for details.
C:\Users\류화랑\Desktop\광운대\2018년 1학기\객프실\프로젝트\C++프로젝트\C++프로젝트\StudentID.h(19,3): warning C4996: 'strcpy': This function or variable may be unsafe. Consider using strcpy_s instead. To disable deprecation, use _CRT_SECURE_NO_WARNINGS. See online help for details.
C:\Users\류화랑\Desktop\광운대\2018년 1학기\객프실\프로젝트\C++프로젝트\C++프로젝트\StudentID.h(22,26): warning C4996: 'strcpy': This function or variable may be unsafe. Consider using strcpy_s instead. To disable deprecation, use _CRT_SECURE_NO_WARNINGS. See online help for details.
C:\Users\류화랑\Desktop\광운대\2018년 1학기\객프실\프로젝트\C++프로젝트\C++프로젝트\Name.h(26,3): warning C4996: 'strcpy': This function or variable may be unsafe. Consider using strcpy_s instead. To disable deprecation, use _CRT_SECURE_NO_WARNINGS. See online help for details.
C:\Users\류화랑\Desktop\광운대\2018년 1학기\객프실\프로젝트\C++프로젝트\C++프로젝트\Name.h(29,28): warning C4996: 'strcpy': This function or variable may be unsafe. Consider using strcpy_s instead. To disable deprecation, use _CRT_SECURE_NO_WARNINGS. See online help for details.
C:\Users\류화랑\Desktop\광운대\2018년 1학기\객프실\프로젝트\C++프로젝트\C++프로젝트\Manager.h(47,11): warning C4996: 'strtok': This function or variable may be unsafe. Consider using strtok_s instead. To disable deprecation, use _CRT_SECURE_NO_WARNINGS. See online help for details.
C:\Users\류화랑\Desktop\광운대\2018년 1학기\객프실\프로젝트\C++프로젝트\C++프로젝트\Manager.h(48,12): warning C4996: 'strtok': This function or variable may be unsafe. Consider using strtok_s instead. To disable deprecation, use _CRT_SECURE_NO_WARNINGS. See online help for details.
C:\Users\류화랑\Desktop\광운대\2018년 1학기\객프실\프로젝트\C++프로젝트\C++프로젝트\Manager.h(49,12): warning C4996: 'strtok': This function or variable may be unsafe. Consider using strtok_s instead. To disable deprecation, use _CRT_SECURE_NO_WARNINGS. See online help for details.
C:\Users\류화랑\Desktop\광운대\2018년 1학기\객프실\프로젝트\C++프로젝트\C++프로젝트\Manager.h(50,12): warning C4996: 'strtok': This function or variable may be unsafe. Consider using strtok_s instead. To disable deprecation, use _CRT_SECURE_NO_WARNINGS. See online help for details.
C:\Users\류화랑\Desktop\광운대\2018년 1학기\객프실\프로젝트\C++프로젝트\C++프로젝트\Manager.h(51,12): warning C4996: 'strtok': This function or variable may be unsafe. Consider using strtok_s instead. To disable deprecation, use _CRT_SECURE_NO_WARNINGS. See online help for details.
C:\Users\류화랑\Desktop\광운대\2018년 1학기\객프실\프로젝트\C++프로젝트\C++프로젝트\Manager.h(81,11): warning C4996: 'strtok': This function or variable may be unsafe. Consider using strtok_s instead. To disable deprecation, use _CRT_SECURE_NO_WARNINGS. See online help for details.
C:\Users\류화랑\Desktop\광운대\2018년 1학기\객프실\프로젝트\C++프로젝트\C++프로젝트\Manager.h(82,12): warning C4996: 'strtok': This function or variable may be unsafe. Consider using strtok_s instead. To disable deprecation, use _CRT_SECURE_NO_WARNINGS. See online help for details.
C:\Users\류화랑\Desktop\광운대\2018년 1학기\객프실\프로젝트\C++프로젝트\C++프로젝트\Manager.h(83,12): warning C4996: 'strtok': This function or variable may be unsafe. Consider using strtok_s instead. To disable deprecation, use _CRT_SECURE_NO_WARNINGS. See online help for details.
C:\Users\류화랑\Desktop\광운대\2018년 1학기\객프실\프로젝트\C++프로젝트\C++프로젝트\Manager.h(84,12): warning C4996: 'strtok': This function or variable may be unsafe. Consider using strtok_s instead. To disable deprecation, use _CRT_SECURE_NO_WARNINGS. See online help for details.
C:\Users\류화랑\Desktop\광운대\2018년 1학기\객프실\프로젝트\C++프로젝트\C++프로젝트\Manager.h(85,12): warning C4996: 'strtok': This function or variable may be unsafe. Consider using strtok_s instead. To disable deprecation, use _CRT_SECURE_NO_WARNINGS. See online help for details.
C:\Users\류화랑\Desktop\광운대\2018년 1학기\객프실\프로젝트\C++프로젝트\C++프로젝트\Manager.h(137,11): warning C4996: 'strtok': This function or variable may be unsafe. Consider using strtok_s instead. To disable deprecation, use _CRT_SECURE_NO_WARNINGS. See online help for details.
C:\Users\류화랑\Desktop\광운대\2018년 1학기\객프실\프로젝트\C++프로젝트\C++프로젝트\Manager.h(138,12): warning C4996: 'strtok': This function or variable may be unsafe. Consider using strtok_s instead. To disable deprecation, use _CRT_SECURE_NO_WARNINGS. See online help for details.
C:\Users\류화랑\Desktop\광운대\2018년 1학기\객프실\프로젝트\C++프로젝트\C++프로젝트\Manager.h(139,12): warning C4996: 'strtok': This function or variable may be unsafe. Consider using strtok_s instead. To disable deprecation, use _CRT_SECURE_NO_WARNINGS. See online help for details.
C:\Users\류화랑\Desktop\광운대\2018년 1학기\객프실\프로젝트\C++프로젝트\C++프로젝트\Manager.h(140,12): warning C4996: 'strtok': This function or variable may be unsafe. Consider using strtok_s instead. To disable deprecation, use _CRT_SECURE_NO_WARNINGS. See online help for details.
C:\Users\류화랑\Desktop\광운대\2018년 1학기\객프실\프로젝트\C++프로젝트\C++프로젝트\Manager.h(141,12): warning C4996: 'strtok': This function or variable may be unsafe. Consider using strtok_s instead. To disable deprecation, use _CRT_SECURE_NO_WARNINGS. See online help for details.
C:\Users\류화랑\Desktop\광운대\2018년 1학기\객프실\프로젝트\C++프로젝트\C++프로젝트\Manager.h(455,6): warning C4101: 'p' :참조되지 않은 지역 변수입니다.
C:\Users\류화랑\Desktop\광운대\2018년 1학기\객프실\프로젝트\C++프로젝트\C++프로젝트\Main.cpp(34,11): warning C4996: 'strtok': This function or variable may be unsafe. Consider using strtok_s instead. To disable deprecation, use _CRT_SECURE_NO_WARNINGS. See online help for details.
C:\Users\류화랑\Desktop\광운대\2018년 1학기\객프실\프로젝트\C++프로젝트\C++프로젝트\Main.cpp(49,19): warning C4996: 'strtok': This function or variable may be unsafe. Consider using strtok_s instead. To disable deprecation, use _CRT_SECURE_NO_WARNINGS. See online help for details.
C:\Users\류화랑\Desktop\광운대\2018년 1학기\객프실\프로젝트\C++프로젝트\C++프로젝트\Main.cpp(50,19): warning C4996: 'strtok': This function or variable may be unsafe. Consider using strtok_s instead. To disable deprecation, use _CRT_SECURE_NO_WARNINGS. See online help for details.
C:\Users\류화랑\Desktop\광운대\2018년 1학기\객프실\프로젝트\C++프로젝트\C++프로젝트\Main.cpp(55,19): warning C4996: 'strtok': This function or variable may be unsafe. Consider using strtok_s instead. To disable deprecation, use _CRT_SECURE_NO_WARNINGS. See online help for details.
C:\Users\류화랑\Desktop\광운대\2018년 1학기\객프실\프로젝트\C++프로젝트\C++프로젝트\Main.cpp(60,19): warning C4996: 'strtok': This function or variable may be unsafe. Consider using strtok_s instead. To disable deprecation, use _CRT_SECURE_NO_WARNINGS. See online help for details.
C:\Users\류화랑\Desktop\광운대\2018년 1학기\객프실\프로젝트\C++프로젝트\C++프로젝트\Main.cpp(74,19): warning C4996: 'strtok': This function or variable may be unsafe. Consider using strtok_s instead. To disable deprecation, use _CRT_SECURE_NO_WARNINGS. See online help for details.
C:\Users\류화랑\Desktop\광운대\2018년 1학기\객프실\프로젝트\C++프로젝트\C++프로젝트\Main.cpp(81,19): warning C4996: 'strtok': This function or variable may be unsafe. Consider using strtok_s instead. To disable deprecation, use _CRT_SECURE_NO_WARNINGS. See online help for details.
  C++프로젝트.vcxproj -> C:\Users\류화랑\Desktop\광운대\2018년 1학기\객프실\프로젝트\C++프로젝트\Debug\C++프로젝트.exe
